<?xml version="1.0" encoding="UTF-8"?>
<!-- Generated by org.testng.reporters.JUnitReportReporter -->
<testsuite hostname="DESKTOP-8ELVUAA" failures="0" tests="1" name="String.StringPalindrome" time="0.013" errors="0" timestamp="2023-12-05T22:46:24 IST" skipped="0">
  <testcase classname="String.StringPalindrome" name="stringPalendrom" time="0.013"/>
  <system-out/>
</testsuite> <!-- String.StringPalindrome -->
