<?xml version="1.0" encoding="UTF-8"?>
<!-- Generated by org.testng.reporters.JUnitReportReporter -->
<testsuite hostname="DESKTOP-8ELVUAA" failures="0" tests="1" name="Arrays.RemoveDuplicatesInArray" time="0.013" errors="0" timestamp="2023-11-04T10:02:41 IST" skipped="0">
  <testcase classname="Arrays.RemoveDuplicatesInArray" name="test" time="0.013"/>
  <system-out/>
</testsuite> <!-- Arrays.RemoveDuplicatesInArray -->
