<?xml version="1.0" encoding="UTF-8"?>
<!-- Generated by org.testng.reporters.JUnitReportReporter -->
<testsuite hostname="DESKTOP-8ELVUAA" failures="0" tests="1" name="Other.C" time="0.013" errors="0" timestamp="2023-12-08T12:16:50 IST" skipped="0">
  <testcase classname="Other.C" name="tes" time="0.013"/>
  <system-out/>
</testsuite> <!-- Other.C -->
