<?xml version="1.0" encoding="UTF-8"?>
<!-- Generated by org.testng.reporters.JUnitReportReporter -->
<testsuite hostname="DESKTOP-8ELVUAA" failures="0" tests="1" name="Other.String1" time="0.016" errors="0" timestamp="2023-12-06T03:49:53 IST" skipped="0">
  <testcase classname="Other.String1" name="test4" time="0.016"/>
  <system-out/>
</testsuite> <!-- Other.String1 -->
