<?xml version="1.0" encoding="UTF-8"?>
<!-- Generated by org.testng.reporters.JUnitReportReporter -->
<testsuite hostname="DESKTOP-8ELVUAA" failures="0" tests="1" name="Other.Occurance2" time="0.020" errors="0" timestamp="2023-12-22T14:42:34 IST" skipped="0">
  <testcase classname="Other.Occurance2" name="test2" time="0.020"/>
  <system-out/>
</testsuite> <!-- Other.Occurance2 -->
