<?xml version="1.0" encoding="UTF-8"?>
<!-- Generated by org.testng.reporters.JUnitReportReporter -->
<testsuite hostname="DESKTOP-8ELVUAA" failures="0" tests="1" name="String.ReverseWordCon" time="0.014" errors="0" timestamp="2023-10-09T13:36:32 IST" skipped="0">
  <testcase classname="String.ReverseWordCon" name="reverse" time="0.014"/>
  <system-out/>
</testsuite> <!-- String.ReverseWordCon -->
