<?xml version="1.0" encoding="UTF-8"?>
<!-- Generated by org.testng.reporters.JUnitReportReporter -->
<testsuite hostname="DESKTOP-8ELVUAA" failures="0" tests="1" name="Other.FibonaciSeries" time="0.016" errors="0" timestamp="2023-11-04T20:18:34 IST" skipped="0">
  <testcase classname="Other.FibonaciSeries" name="fibonacci" time="0.016"/>
  <system-out/>
</testsuite> <!-- Other.FibonaciSeries -->
