<?xml version="1.0" encoding="UTF-8"?>
<!-- Generated by org.testng.reporters.JUnitReportReporter -->
<testsuite hostname="DESKTOP-8ELVUAA" failures="0" tests="1" name="String.ReverseEachWord" time="0.011" errors="0" timestamp="2023-12-28T14:58:17 IST" skipped="0">
  <testcase classname="String.ReverseEachWord" name="reverseeEachWordInString3" time="0.011"/>
  <system-out/>
</testsuite> <!-- String.ReverseEachWord -->
