<?xml version="1.0" encoding="UTF-8"?>
<!-- Generated by org.testng.reporters.JUnitReportReporter -->
<testsuite hostname="DESKTOP-8ELVUAA" failures="0" tests="1" name="practices.LinkedListTest" time="0.018" errors="0" timestamp="2023-10-07T12:53:46 IST" skipped="0">
  <testcase classname="practices.LinkedListTest" name="hashTable1" time="0.018"/>
  <system-out/>
</testsuite> <!-- practices.LinkedListTest -->
