<?xml version="1.0" encoding="UTF-8"?>
<!-- Generated by org.testng.reporters.JUnitReportReporter -->
<testsuite hostname="DESKTOP-8ELVUAA" failures="0" tests="1" name="String.PositionOfEachCharInReverse" time="0.014" errors="0" timestamp="2023-10-12T11:12:40 IST" skipped="0">
  <testcase classname="String.PositionOfEachCharInReverse" name="test" time="0.014"/>
  <system-out/>
</testsuite> <!-- String.PositionOfEachCharInReverse -->
