<?xml version="1.0" encoding="UTF-8"?>
<!-- Generated by org.testng.reporters.JUnitReportReporter -->
<testsuite hostname="DESKTOP-8ELVUAA" failures="0" tests="1" name="Other.Pattern" time="0.012" errors="0" timestamp="2023-11-24T17:52:18 IST" skipped="0">
  <testcase classname="Other.Pattern" name="pattern" time="0.012"/>
  <system-out/>
</testsuite> <!-- Other.Pattern -->
