<?xml version="1.0" encoding="UTF-8"?>
<!-- Generated by org.testng.reporters.JUnitReportReporter -->
<testsuite hostname="DESKTOP-8ELVUAA" failures="0" tests="1" name="String.NameHalfReverse" time="0.014" errors="0" timestamp="2023-10-13T17:27:35 IST" skipped="0">
  <testcase classname="String.NameHalfReverse" name="name" time="0.014"/>
  <system-out/>
</testsuite> <!-- String.NameHalfReverse -->
