<?xml version="1.0" encoding="UTF-8"?>
<!-- Generated by org.testng.reporters.JUnitReportReporter -->
<testsuite hostname="DESKTOP-8ELVUAA" failures="0" tests="1" name="Other.Practice" time="0.013" errors="0" timestamp="2023-10-28T12:36:27 IST" skipped="0">
  <testcase classname="Other.Practice" name="test4" time="0.013"/>
  <system-out/>
</testsuite> <!-- Other.Practice -->
