<?xml version="1.0" encoding="UTF-8"?>
<!-- Generated by org.testng.reporters.JUnitReportReporter -->
<testsuite hostname="DESKTOP-8ELVUAA" failures="0" tests="1" name="String.FindOccuranceWithtUsingCollection" time="0.014" errors="0" timestamp="2023-12-06T11:11:15 IST" skipped="0">
  <testcase classname="String.FindOccuranceWithtUsingCollection" name="test" time="0.014"/>
  <system-out/>
</testsuite> <!-- String.FindOccuranceWithtUsingCollection -->
