<?xml version="1.0" encoding="UTF-8"?>
<!-- Generated by org.testng.reporters.JUnitReportReporter -->
<testsuite hostname="DESKTOP-8ELVUAA" failures="0" tests="1" name="practices.append0AtLastArray" time="0.013" errors="0" timestamp="2023-10-07T10:53:55 IST" skipped="0">
  <testcase classname="practices.append0AtLastArray" name="append0AtFirstInArray" time="0.013"/>
  <system-out/>
</testsuite> <!-- practices.append0AtLastArray -->
