<?xml version="1.0" encoding="UTF-8"?>
<!-- Generated by org.testng.reporters.JUnitReportReporter -->
<testsuite hostname="DESKTOP-8ELVUAA" failures="0" tests="1" name="Arrays.ftring" time="0.014" errors="0" timestamp="2023-12-27T12:43:32 IST" skipped="0">
  <testcase classname="Arrays.ftring" name="t6" time="0.014"/>
  <system-out/>
</testsuite> <!-- Arrays.ftring -->
