<?xml version="1.0" encoding="UTF-8"?>
<!-- Generated by org.testng.reporters.JUnitReportReporter -->
<testsuite hostname="DESKTOP-8ELVUAA" failures="0" tests="1" name="Interview" time="0.012" errors="0" timestamp="2023-12-27T13:09:48 IST" skipped="0">
  <testcase classname="Interview" name="test2" time="0.012"/>
  <system-out/>
</testsuite> <!-- Interview -->
