<?xml version="1.0" encoding="UTF-8"?>
<!-- Generated by org.testng.reporters.JUnitReportReporter -->
<testsuite hostname="DESKTOP-8ELVUAA" failures="0" tests="1" name="practices.MaxAndMinHvngDuplicates" time="0.011" errors="0" timestamp="2023-10-07T12:34:21 IST" skipped="0">
  <testcase classname="practices.MaxAndMinHvngDuplicates" name="max" time="0.011"/>
  <system-out/>
</testsuite> <!-- practices.MaxAndMinHvngDuplicates -->
