<?xml version="1.0" encoding="UTF-8"?>
<!-- Generated by org.testng.reporters.JUnitReportReporter -->
<testsuite hostname="DESKTOP-8ELVUAA" failures="0" tests="1" name="map.FindingPositionUsingKeySetMethod" time="0.018" errors="0" timestamp="2023-10-10T16:29:14 IST" skipped="0">
  <testcase classname="map.FindingPositionUsingKeySetMethod" name="map" time="0.018"/>
  <system-out/>
</testsuite> <!-- map.FindingPositionUsingKeySetMethod -->
