<?xml version="1.0" encoding="UTF-8"?>
<!-- Generated by org.testng.reporters.JUnitReportReporter -->
<testsuite hostname="DESKTOP-8ELVUAA" failures="0" tests="1" name="practices.SwapTwoNumbers" time="0.012" errors="0" timestamp="2023-10-06T10:49:32 IST" skipped="0">
  <testcase classname="practices.SwapTwoNumbers" name="withoutThirdVariable" time="0.012"/>
  <system-out/>
</testsuite> <!-- practices.SwapTwoNumbers -->
