<?xml version="1.0" encoding="UTF-8"?>
<!-- Generated by org.testng.reporters.JUnitReportReporter -->
<testsuite hostname="DESKTOP-8ELVUAA" failures="0" tests="1" name="Arrays.FirstMinimumNumber" time="0.013" errors="0" timestamp="2023-12-22T11:01:25 IST" skipped="0">
  <testcase classname="Arrays.FirstMinimumNumber" name="firstMinimumNumber" time="0.013"/>
  <system-out/>
</testsuite> <!-- Arrays.FirstMinimumNumber -->
