<?xml version="1.0" encoding="UTF-8"?>
<!-- Generated by org.testng.reporters.JUnitReportReporter -->
<testsuite hostname="DESKTOP-8ELVUAA" failures="0" tests="1" name="String.FindOccuranceOfCharacterInString" time="0.018" errors="0" timestamp="2023-10-11T18:18:10 IST" skipped="0">
  <testcase classname="String.FindOccuranceOfCharacterInString" name="occurance" time="0.018"/>
  <system-out/>
</testsuite> <!-- String.FindOccuranceOfCharacterInString -->
