<?xml version="1.0" encoding="UTF-8"?>
<!-- Generated by org.testng.reporters.JUnitReportReporter -->
<testsuite hostname="DESKTOP-8ELVUAA" failures="0" tests="1" name="Other.IntegerPalendrome" time="0.012" errors="0" timestamp="2023-10-11T17:12:41 IST" skipped="0">
  <testcase classname="Other.IntegerPalendrome" name="intPal" time="0.012"/>
  <system-out/>
</testsuite> <!-- Other.IntegerPalendrome -->
