<?xml version="1.0" encoding="UTF-8"?>
<!-- Generated by org.testng.reporters.JUnitReportReporter -->
<testsuite hostname="DESKTOP-8ELVUAA" failures="0" tests="1" name="Arrays.LinkedListTest" time="0.017" errors="0" timestamp="2023-11-04T14:52:58 IST" skipped="0">
  <testcase classname="Arrays.LinkedListTest" name="linkedHashset" time="0.017"/>
  <system-out/>
</testsuite> <!-- Arrays.LinkedListTest -->
