<?xml version="1.0" encoding="UTF-8"?>
<!-- Generated by org.testng.reporters.JUnitReportReporter -->
<testsuite hostname="DESKTOP-8ELVUAA" failures="0" tests="1" name="map.OccuranceUsingOnlyOneLoop" time="0.018" errors="0" timestamp="2023-11-19T19:23:25 IST" skipped="0">
  <testcase classname="map.OccuranceUsingOnlyOneLoop" name="test2" time="0.018"/>
  <system-out/>
</testsuite> <!-- map.OccuranceUsingOnlyOneLoop -->
