<?xml version="1.0" encoding="UTF-8"?>
<!-- Generated by org.testng.reporters.JUnitReportReporter -->
<testsuite hostname="DESKTOP-8ELVUAA" failures="0" tests="1" name="String.reverseADtring" time="0.014" errors="0" timestamp="2023-10-09T11:56:27 IST" skipped="0">
  <testcase classname="String.reverseADtring" name="reverseString" time="0.014"/>
  <system-out/>
</testsuite> <!-- String.reverseADtring -->
