<?xml version="1.0" encoding="UTF-8"?>
<!-- Generated by org.testng.reporters.JUnitReportReporter -->
<testsuite hostname="DESKTOP-8ELVUAA" failures="0" tests="1" name="practices.SortArrayInAscending" time="0.011" errors="0" timestamp="2023-10-06T11:28:03 IST" skipped="0">
  <testcase classname="practices.SortArrayInAscending" name="sortanarrayinAscendingorder" time="0.011"/>
  <system-out/>
</testsuite> <!-- practices.SortArrayInAscending -->
