<?xml version="1.0" encoding="UTF-8"?>
<!-- Generated by org.testng.reporters.JUnitReportReporter -->
<testsuite hostname="DESKTOP-8ELVUAA" failures="0" tests="1" name="Other.Pattern9" time="0.014" errors="0" timestamp="2023-10-11T13:20:19 IST" skipped="0">
  <testcase classname="Other.Pattern9" name="test2" time="0.014"/>
  <system-out/>
</testsuite> <!-- Other.Pattern9 -->
