<?xml version="1.0" encoding="UTF-8"?>
<!-- Generated by org.testng.reporters.JUnitReportReporter -->
<testsuite hostname="DESKTOP-8ELVUAA" failures="0" tests="2" name="practices.Sort$SortArrayInAscending" time="0.016" errors="0" timestamp="2023-10-06T11:27:02 IST" skipped="0">
  <testcase classname="practices.Sort$SortArrayInAscending" name="sortanarrayinAscendingorder" time="0.012"/>
  <system-out/>
  <testcase classname="practices.Sort$SortArrayInAscending" name="sortanarrayinDescendingorder" time="0.004"/>
  <system-out/>
</testsuite> <!-- practices.Sort$SortArrayInAscending -->
