<?xml version="1.0" encoding="UTF-8"?>
<!-- Generated by org.testng.reporters.JUnitReportReporter -->
<testsuite hostname="DESKTOP-8ELVUAA" failures="0" tests="1" name="String.RemoveDuplicatesInString" time="0.012" errors="0" timestamp="2023-11-04T16:08:50 IST" skipped="0">
  <testcase classname="String.RemoveDuplicatesInString" name="removeDupl" time="0.012"/>
  <system-out/>
</testsuite> <!-- String.RemoveDuplicatesInString -->
