<?xml version="1.0" encoding="UTF-8"?>
<!-- Generated by org.testng.reporters.JUnitReportReporter -->
<testsuite hostname="DESKTOP-8ELVUAA" failures="0" tests="1" name="String.reverse" time="0.017" errors="0" timestamp="2023-10-13T12:15:30 IST" skipped="0">
  <testcase classname="String.reverse" name="test1" time="0.017"/>
  <system-out/>
</testsuite> <!-- String.reverse -->
