<?xml version="1.0" encoding="UTF-8"?>
<!-- Generated by org.testng.reporters.JUnitReportReporter -->
<testsuite hostname="DESKTOP-8ELVUAA" failures="0" tests="1" name="Other.PrimeBtwm1to30" time="0.014" errors="0" timestamp="2023-10-11T17:19:16 IST" skipped="0">
  <testcase classname="Other.PrimeBtwm1to30" name="prime" time="0.014"/>
  <system-out/>
</testsuite> <!-- Other.PrimeBtwm1to30 -->
