<?xml version="1.0" encoding="UTF-8"?>
<!-- Generated by org.testng.reporters.JUnitReportReporter -->
<testsuite hostname="DESKTOP-8ELVUAA" failures="0" tests="1" name="map.PositionUsingMap" time="0.017" errors="0" timestamp="2023-10-10T16:20:03 IST" skipped="0">
  <testcase classname="map.PositionUsingMap" name="map" time="0.017"/>
  <system-out/>
</testsuite> <!-- map.PositionUsingMap -->
