<?xml version="1.0" encoding="UTF-8"?>
<!-- Generated by org.testng.reporters.JUnitReportReporter -->
<testsuite hostname="DESKTOP-8ELVUAA" failures="0" tests="1" name="practice" time="0.013" errors="0" timestamp="2023-10-21T15:16:40 IST" skipped="0">
  <testcase classname="practice" name="test4" time="0.013"/>
  <system-out/>
</testsuite> <!-- practice -->
