<?xml version="1.0" encoding="UTF-8"?>
<!-- Generated by org.testng.reporters.JUnitReportReporter -->
<testsuite hostname="DESKTOP-8ELVUAA" failures="0" tests="1" name="String.B" time="0.013" errors="0" timestamp="2023-12-05T22:25:10 IST" skipped="0">
  <testcase classname="String.B" name="test2" time="0.013"/>
  <system-out/>
</testsuite> <!-- String.B -->
