<?xml version="1.0" encoding="UTF-8"?>
<!-- Generated by org.testng.reporters.JUnitReportReporter -->
<testsuite hostname="DESKTOP-8ELVUAA" failures="0" tests="1" name="Arrays.MaximunAndMinimuWthtBubble" time="0.012" errors="0" timestamp="2023-11-04T15:17:47 IST" skipped="0">
  <testcase classname="Arrays.MaximunAndMinimuWthtBubble" name="firstand2ndMinimumNumber" time="0.012"/>
  <system-out/>
</testsuite> <!-- Arrays.MaximunAndMinimuWthtBubble -->
