<?xml version="1.0" encoding="UTF-8"?>
<!-- Generated by org.testng.reporters.JUnitReportReporter -->
<testsuite hostname="DESKTOP-8ELVUAA" failures="0" tests="1" name="practices.MaximunAndMinimuWthtBubble" time="0.017" errors="0" timestamp="2023-10-07T12:00:52 IST" skipped="0">
  <testcase classname="practices.MaximunAndMinimuWthtBubble" name="firstand2ndMaximumNumber" time="0.017"/>
  <system-out/>
</testsuite> <!-- practices.MaximunAndMinimuWthtBubble -->
