<?xml version="1.0" encoding="UTF-8"?>
<!-- Generated by org.testng.reporters.JUnitReportReporter -->
<testsuite hostname="DESKTOP-8ELVUAA" failures="0" tests="1" name="String.SwapFirstAndLastWord" time="0.013" errors="0" timestamp="2023-11-04T16:34:28 IST" skipped="0">
  <testcase classname="String.SwapFirstAndLastWord" name="swap" time="0.013"/>
  <system-out/>
</testsuite> <!-- String.SwapFirstAndLastWord -->
