<?xml version="1.0" encoding="UTF-8"?>
<!-- Generated by org.testng.reporters.JUnitReportReporter -->
<testsuite hostname="DESKTOP-8ELVUAA" failures="0" tests="1" name="String.PssibleWaysOfReversingString" time="0.018" errors="0" timestamp="2023-11-04T16:06:46 IST" skipped="0">
  <testcase classname="String.PssibleWaysOfReversingString" name="method1" time="0.018"/>
  <system-out/>
</testsuite> <!-- String.PssibleWaysOfReversingString -->
