<?xml version="1.0" encoding="UTF-8"?>
<!-- Generated by org.testng.reporters.JUnitReportReporter -->
<testsuite hostname="DESKTOP-8ELVUAA" failures="0" tests="1" name="Other.upperandLower" time="0.013" errors="0" timestamp="2023-12-15T18:03:04 IST" skipped="0">
  <testcase classname="Other.upperandLower" name="test4" time="0.013"/>
  <system-out/>
</testsuite> <!-- Other.upperandLower -->
