<?xml version="1.0" encoding="UTF-8"?>
<!-- Generated by org.testng.reporters.JUnitReportReporter -->
<testsuite hostname="DESKTOP-8ELVUAA" failures="0" tests="1" name="Other.Interview2" time="0.012" errors="0" timestamp="2023-12-06T03:43:44 IST" skipped="0">
  <testcase classname="Other.Interview2" name="test1" time="0.012"/>
  <system-out/>
</testsuite> <!-- Other.Interview2 -->
