<?xml version="1.0" encoding="UTF-8"?>
<!-- Generated by org.testng.reporters.JUnitReportReporter -->
<testsuite hostname="DESKTOP-8ELVUAA" failures="0" tests="1" name="Other.JeniferInt" time="0.011" errors="0" timestamp="2023-12-12T18:46:33 IST" skipped="0">
  <testcase classname="Other.JeniferInt" name="test3" time="0.011"/>
  <system-out/>
</testsuite> <!-- Other.JeniferInt -->
