<?xml version="1.0" encoding="UTF-8"?>
<!-- Generated by org.testng.reporters.JUnitReportReporter -->
<testsuite hostname="DESKTOP-8ELVUAA" failures="0" tests="1" name="practices.FirstMinimumNumber" time="0.012" errors="0" timestamp="2023-10-07T11:34:20 IST" skipped="0">
  <testcase classname="practices.FirstMinimumNumber" name="firstMinimumNumber" time="0.012"/>
  <system-out/>
</testsuite> <!-- practices.FirstMinimumNumber -->
