<?xml version="1.0" encoding="UTF-8"?>
<!-- Generated by org.testng.reporters.JUnitReportReporter -->
<testsuite hostname="DESKTOP-8ELVUAA" failures="0" tests="1" name="String.findMinLengthValuesInAStringArray" time="0.021" errors="0" timestamp="2023-10-10T13:28:07 IST" skipped="0">
  <testcase classname="String.findMinLengthValuesInAStringArray" name="minLength" time="0.021"/>
  <system-out/>
</testsuite> <!-- String.findMinLengthValuesInAStringArray -->
