<?xml version="1.0" encoding="UTF-8"?>
<!-- Generated by org.testng.reporters.JUnitReportReporter -->
<testsuite hostname="DESKTOP-8ELVUAA" failures="0" tests="1" name="String.CountNoOfVowelsInAString" time="0.012" errors="0" timestamp="2023-12-05T22:28:46 IST" skipped="0">
  <testcase classname="String.CountNoOfVowelsInAString" name="test" time="0.012"/>
  <system-out/>
</testsuite> <!-- String.CountNoOfVowelsInAString -->
