<?xml version="1.0" encoding="UTF-8"?>
<!-- Generated by org.testng.reporters.JUnitReportReporter -->
<testsuite hostname="DESKTOP-8ELVUAA" failures="0" tests="1" name="Other.prakashsirQuestn" time="0.014" errors="0" timestamp="2023-12-08T18:45:52 IST" skipped="0">
  <testcase classname="Other.prakashsirQuestn" name="te" time="0.014"/>
  <system-out/>
</testsuite> <!-- Other.prakashsirQuestn -->
