<?xml version="1.0" encoding="UTF-8"?>
<!-- Generated by org.testng.reporters.JUnitReportReporter -->
<testsuite hostname="DESKTOP-8ELVUAA" failures="0" tests="1" name="Other.Practice2" time="5.009" errors="0" timestamp="2023-11-11T12:41:50 IST" skipped="0">
  <testcase classname="Other.Practice2" name="t" time="5.009"/>
  <system-out/>
</testsuite> <!-- Other.Practice2 -->
