<?xml version="1.0" encoding="UTF-8"?>
<!-- Generated by org.testng.reporters.JUnitReportReporter -->
<testsuite hostname="DESKTOP-8ELVUAA" failures="0" tests="1" name="Other.Substact" time="0.014" errors="0" timestamp="2023-12-20T10:48:53 IST" skipped="0">
  <testcase classname="Other.Substact" name="test" time="0.014"/>
  <system-out/>
</testsuite> <!-- Other.Substact -->
