<?xml version="1.0" encoding="UTF-8"?>
<!-- Generated by org.testng.reporters.JUnitReportReporter -->
<testsuite hostname="DESKTOP-8ELVUAA" failures="0" tests="1" name="String.reverseAString" time="0.016" errors="0" timestamp="2023-12-21T15:41:32 IST" skipped="0">
  <testcase classname="String.reverseAString" name="usingCount2" time="0.016"/>
  <system-out/>
</testsuite> <!-- String.reverseAString -->
