<?xml version="1.0" encoding="UTF-8"?>
<!-- Generated by org.testng.reporters.JUnitReportReporter -->
<testsuite hostname="DESKTOP-8ELVUAA" failures="0" tests="1" name="String.CountUpperCase" time="0.015" errors="0" timestamp="2023-10-09T11:20:32 IST" skipped="0">
  <testcase classname="String.CountUpperCase" name="count" time="0.015"/>
  <system-out/>
</testsuite> <!-- String.CountUpperCase -->
