<?xml version="1.0" encoding="UTF-8"?>
<!-- Generated by org.testng.reporters.JUnitReportReporter -->
<testsuite hostname="DESKTOP-8ELVUAA" failures="0" tests="1" name="Arrays.MaximumNumbers" time="0.013" errors="0" timestamp="2023-11-04T15:09:10 IST" skipped="0">
  <testcase classname="Arrays.MaximumNumbers" name="first3MaxmumNumber" time="0.013"/>
  <system-out/>
</testsuite> <!-- Arrays.MaximumNumbers -->
