<?xml version="1.0" encoding="UTF-8"?>
<!-- Generated by org.testng.reporters.JUnitReportReporter -->
<testsuite hostname="DESKTOP-8ELVUAA" failures="0" tests="1" name="String.OccuranceOfEachCharacterUsingMap" time="0.016" errors="0" timestamp="2023-10-10T15:46:45 IST" skipped="0">
  <testcase classname="String.OccuranceOfEachCharacterUsingMap" name="map" time="0.016"/>
  <system-out/>
</testsuite> <!-- String.OccuranceOfEachCharacterUsingMap -->
