<?xml version="1.0" encoding="UTF-8"?>
<!-- Generated by org.testng.reporters.JUnitReportReporter -->
<testsuite hostname="DESKTOP-8ELVUAA" failures="0" tests="1" name="Arrays.append0AtLastArray" time="0.014" errors="0" timestamp="2023-11-18T19:07:03 IST" skipped="0">
  <testcase classname="Arrays.append0AtLastArray" name="append0AtFirstInArray" time="0.014"/>
  <system-out/>
</testsuite> <!-- Arrays.append0AtLastArray -->
