<?xml version="1.0" encoding="UTF-8"?>
<!-- Generated by org.testng.reporters.JUnitReportReporter -->
<testsuite hostname="DESKTOP-8ELVUAA" failures="0" tests="1" name="String.ReverseWordComplicated" time="0.012" errors="0" timestamp="2023-11-22T17:01:39 IST" skipped="0">
  <testcase classname="String.ReverseWordComplicated" name="reverse" time="0.012"/>
  <system-out/>
</testsuite> <!-- String.ReverseWordComplicated -->
