<?xml version="1.0" encoding="UTF-8"?>
<!-- Generated by org.testng.reporters.JUnitReportReporter -->
<testsuite hostname="DESKTOP-8ELVUAA" failures="0" tests="3" name="practices.MaximumNumbers" time="0.018" errors="0" timestamp="2023-10-09T10:11:07 IST" skipped="0">
  <testcase classname="practices.MaximumNumbers" name="first3MaxmumNumber" time="0.012"/>
  <system-out/>
  <testcase classname="practices.MaximumNumbers" name="firstMaximumNumber" time="0.004"/>
  <system-out/>
  <testcase classname="practices.MaximumNumbers" name="first3maxmultipleNumber" time="0.002"/>
  <system-out/>
</testsuite> <!-- practices.MaximumNumbers -->
