<?xml version="1.0" encoding="UTF-8"?>
<!-- Generated by org.testng.reporters.JUnitReportReporter -->
<testsuite hostname="DESKTOP-8ELVUAA" failures="0" tests="1" name="Arrays.WithoutBubblesortFirstMinimumNumber" time="0.013" errors="0" timestamp="2023-10-28T11:13:21 IST" skipped="0">
  <testcase classname="Arrays.WithoutBubblesortFirstMinimumNumber" name="minimumNumber" time="0.013"/>
  <system-out/>
</testsuite> <!-- Arrays.WithoutBubblesortFirstMinimumNumber -->
