<?xml version="1.0" encoding="UTF-8"?>
<!-- Generated by org.testng.reporters.JUnitReportReporter -->
<testsuite hostname="DESKTOP-8ELVUAA" failures="0" tests="1" name="String.AddNumInAString" time="0.012" errors="0" timestamp="2023-10-10T12:33:10 IST" skipped="0">
  <testcase classname="String.AddNumInAString" name="addNum" time="0.012"/>
  <system-out/>
</testsuite> <!-- String.AddNumInAString -->
