<?xml version="1.0" encoding="UTF-8"?>
<!-- Generated by org.testng.reporters.JUnitReportReporter -->
<testsuite hostname="DESKTOP-8ELVUAA" failures="0" tests="1" name="String.PrintPositionOfEachCharacter" time="0.022" errors="0" timestamp="2023-10-09T15:39:00 IST" skipped="0">
  <testcase classname="String.PrintPositionOfEachCharacter" name="test" time="0.022"/>
  <system-out/>
</testsuite> <!-- String.PrintPositionOfEachCharacter -->
