<?xml version="1.0" encoding="UTF-8"?>
<!-- Generated by org.testng.reporters.JUnitReportReporter -->
<testsuite hostname="DESKTOP-8ELVUAA" failures="0" tests="2" name="Other.Anagram" time="0.017" errors="0" timestamp="2023-12-13T17:04:09 IST" skipped="0">
  <testcase classname="Other.Anagram" name="test2" time="0.002"/>
  <system-out/>
  <testcase classname="Other.Anagram" name="test" time="0.015"/>
  <system-out/>
</testsuite> <!-- Other.Anagram -->
