<?xml version="1.0" encoding="UTF-8"?>
<!-- Generated by org.testng.reporters.JUnitReportReporter -->
<testsuite hostname="DESKTOP-8ELVUAA" failures="0" tests="1" name="String.LengthOfTheString" time="0.016" errors="0" timestamp="2023-12-28T13:28:10 IST" skipped="0">
  <testcase classname="String.LengthOfTheString" name="count" time="0.016"/>
  <system-out/>
</testsuite> <!-- String.LengthOfTheString -->
