<?xml version="1.0" encoding="UTF-8"?>
<!-- Generated by org.testng.reporters.JUnitReportReporter -->
<testsuite hostname="DESKTOP-8ELVUAA" failures="0" tests="1" name="Other.FactorialOfANo" time="0.016" errors="0" timestamp="2023-10-11T10:55:58 IST" skipped="0">
  <testcase classname="Other.FactorialOfANo" name="fact" time="0.016"/>
  <system-out/>
</testsuite> <!-- Other.FactorialOfANo -->
