<?xml version="1.0" encoding="UTF-8"?>
<!-- Generated by org.testng.reporters.JUnitReportReporter -->
<testsuite hostname="DESKTOP-8ELVUAA" failures="0" tests="1" name="String.Practice" time="0.018" errors="0" timestamp="2023-10-09T18:35:48 IST" skipped="0">
  <testcase classname="String.Practice" name="test1" time="0.018"/>
  <system-out/>
</testsuite> <!-- String.Practice -->
