<?xml version="1.0" encoding="UTF-8"?>
<!-- Generated by org.testng.reporters.JUnitReportReporter -->
<testsuite hostname="DESKTOP-8ELVUAA" failures="0" tests="1" name="Pattern.P1" time="0.011" errors="0" timestamp="2023-11-15T18:37:19 IST" skipped="0">
  <testcase classname="Pattern.P1" name="test2" time="0.011"/>
  <system-out/>
</testsuite> <!-- Pattern.P1 -->
