<?xml version="1.0" encoding="UTF-8"?>
<!-- Generated by org.testng.reporters.JUnitReportReporter -->
<testsuite hostname="DESKTOP-8ELVUAA" failures="0" tests="1" name="Other.Pattern8" time="0.010" errors="0" timestamp="2023-10-11T13:31:19 IST" skipped="0">
  <testcase classname="Other.Pattern8" name="pattern11" time="0.010"/>
  <system-out/>
</testsuite> <!-- Other.Pattern8 -->
