<?xml version="1.0" encoding="UTF-8"?>
<!-- Generated by org.testng.reporters.JUnitReportReporter -->
<testsuite hostname="DESKTOP-8ELVUAA" failures="0" tests="1" name="Other.Primeno" time="0.012" errors="0" timestamp="2023-12-06T11:06:42 IST" skipped="0">
  <testcase classname="Other.Primeno" name="missingNum" time="0.012"/>
  <system-out/>
</testsuite> <!-- Other.Primeno -->
