<?xml version="1.0" encoding="UTF-8"?>
<!-- Generated by org.testng.reporters.JUnitReportReporter -->
<testsuite hostname="DESKTOP-8ELVUAA" failures="0" tests="1" name="practices.Combination" time="0.013" errors="0" timestamp="2023-10-06T15:01:03 IST" skipped="0">
  <testcase classname="practices.Combination" name="combOftwonumbers" time="0.013"/>
  <system-out/>
</testsuite> <!-- practices.Combination -->
