<?xml version="1.0" encoding="UTF-8"?>
<!-- Generated by org.testng.reporters.JUnitReportReporter -->
<testsuite hostname="DESKTOP-8ELVUAA" failures="0" tests="1" name="String.ToFindMaxLnthInNumbString" time="0.018" errors="0" timestamp="2023-10-12T09:35:28 IST" skipped="0">
  <testcase classname="String.ToFindMaxLnthInNumbString" name="minLength" time="0.018"/>
  <system-out/>
</testsuite> <!-- String.ToFindMaxLnthInNumbString -->
