<?xml version="1.0" encoding="UTF-8"?>
<!-- Generated by org.testng.reporters.JUnitReportReporter -->
<testsuite hostname="DESKTOP-8ELVUAA" failures="0" tests="1" name="String.CountVowelsWithoutDuplicates" time="0.017" errors="0" timestamp="2023-10-28T12:50:18 IST" skipped="0">
  <testcase classname="String.CountVowelsWithoutDuplicates" name="duplicates" time="0.017"/>
  <system-out/>
</testsuite> <!-- String.CountVowelsWithoutDuplicates -->
