<?xml version="1.0" encoding="UTF-8"?>
<!-- Generated by org.testng.reporters.JUnitReportReporter -->
<testsuite hostname="DESKTOP-8ELVUAA" failures="0" tests="1" name="map.OccuranceUsingMap" time="0.015" errors="0" timestamp="2023-10-10T16:30:23 IST" skipped="0">
  <testcase classname="map.OccuranceUsingMap" name="map" time="0.015"/>
  <system-out/>
</testsuite> <!-- map.OccuranceUsingMap -->
