<?xml version="1.0" encoding="UTF-8"?>
<!-- Generated by org.testng.reporters.JUnitReportReporter -->
<testsuite hostname="DESKTOP-8ELVUAA" failures="0" tests="1" name="String.FindMaxLengthInString" time="0.019" errors="0" timestamp="2023-10-11T18:12:28 IST" skipped="0">
  <testcase classname="String.FindMaxLengthInString" name="max" time="0.019"/>
  <system-out/>
</testsuite> <!-- String.FindMaxLengthInString -->
