<?xml version="1.0" encoding="UTF-8"?>
<!-- Generated by org.testng.reporters.JUnitReportReporter -->
<testsuite hostname="DESKTOP-8ELVUAA" failures="0" tests="1" name="practices.WithoutBubblesortFirstMinimumNumber" time="0.022" errors="0" timestamp="2023-10-06T12:24:12 IST" skipped="0">
  <testcase classname="practices.WithoutBubblesortFirstMinimumNumber" name="maximumNumber" time="0.022"/>
  <system-out/>
</testsuite> <!-- practices.WithoutBubblesortFirstMinimumNumber -->
