<?xml version="1.0" encoding="UTF-8"?>
<!-- Generated by org.testng.reporters.JUnitReportReporter -->
<testsuite hostname="DESKTOP-8ELVUAA" failures="0" tests="1" name="map.CountNumberOfDuplicants" time="0.015" errors="0" timestamp="2023-10-13T14:52:28 IST" skipped="0">
  <testcase classname="map.CountNumberOfDuplicants" name="count" time="0.015"/>
  <system-out/>
</testsuite> <!-- map.CountNumberOfDuplicants -->
