<?xml version="1.0" encoding="UTF-8"?>
<!-- Generated by org.testng.reporters.JUnitReportReporter -->
<testsuite hostname="DESKTOP-8ELVUAA" failures="0" tests="1" name="Other.PrintNos" time="0.015" errors="0" timestamp="2023-10-11T17:29:45 IST" skipped="0">
  <testcase classname="Other.PrintNos" name="print2" time="0.015"/>
  <system-out/>
</testsuite> <!-- Other.PrintNos -->
