<?xml version="1.0" encoding="UTF-8"?>
<!-- Generated by org.testng.reporters.JUnitReportReporter -->
<testsuite hostname="DESKTOP-8ELVUAA" failures="0" tests="1" name="String.CountNumberOfOccuranceInString" time="0.013" errors="0" timestamp="2023-12-19T11:29:05 IST" skipped="0">
  <testcase classname="String.CountNumberOfOccuranceInString" name="test" time="0.013"/>
  <system-out/>
</testsuite> <!-- String.CountNumberOfOccuranceInString -->
