<?xml version="1.0" encoding="UTF-8"?>
<!-- Generated by org.testng.reporters.JUnitReportReporter -->
<testsuite hostname="DESKTOP-8ELVUAA" failures="0" tests="1" name="map.RemoveDuplicates" time="0.013" errors="0" timestamp="2023-10-10T15:56:51 IST" skipped="0">
  <testcase classname="map.RemoveDuplicates" name="map" time="0.013"/>
  <system-out/>
</testsuite> <!-- map.RemoveDuplicates -->
