<?xml version="1.0" encoding="UTF-8"?>
<!-- Generated by org.testng.reporters.JUnitReportReporter -->
<testsuite hostname="DESKTOP-8ELVUAA" failures="0" tests="1" name="Arrays.AdditionOfTwoArrays" time="0.025" errors="0" timestamp="2023-10-28T09:58:05 IST" skipped="0">
  <testcase classname="Arrays.AdditionOfTwoArrays" name="same" time="0.025"/>
  <system-out/>
</testsuite> <!-- Arrays.AdditionOfTwoArrays -->
