<?xml version="1.0" encoding="UTF-8"?>
<!-- Generated by org.testng.reporters.JUnitReportReporter -->
<testsuite hostname="DESKTOP-8ELVUAA" failures="0" tests="1" name="String.SumOf2Digits" time="0.012" errors="0" timestamp="2023-11-04T16:30:42 IST" skipped="0">
  <testcase classname="String.SumOf2Digits" name="sum" time="0.012"/>
  <system-out/>
</testsuite> <!-- String.SumOf2Digits -->
