<?xml version="1.0" encoding="UTF-8"?>
<!-- Generated by org.testng.reporters.JUnitReportReporter -->
<testsuite hostname="DESKTOP-8ELVUAA" failures="0" tests="1" name="Arrays.SortArrayInAscending" time="0.018" errors="0" timestamp="2023-11-19T15:42:24 IST" skipped="0">
  <testcase classname="Arrays.SortArrayInAscending" name="sortanarrayinDescendingorder" time="0.018"/>
  <system-out/>
</testsuite> <!-- Arrays.SortArrayInAscending -->
