<?xml version="1.0" encoding="UTF-8"?>
<!-- Generated by org.testng.reporters.JUnitReportReporter -->
<testsuite hostname="DESKTOP-8ELVUAA" failures="0" tests="1" name="String.SegregateAlphanumsAnsCharInAString" time="0.018" errors="0" timestamp="2023-11-04T16:24:37 IST" skipped="0">
  <testcase classname="String.SegregateAlphanumsAnsCharInAString" name="seggregate" time="0.018"/>
  <system-out/>
</testsuite> <!-- String.SegregateAlphanumsAnsCharInAString -->
